appChat/android/app/build/intermediates/manifest_merge_blame_file/debug/manifest-merger-blame-debug-report.txt
1<?xml version="1.0" encoding="utf-8"?>
2<manifest xmlns:android="http://schemas.android.com/apk/res/android"
3    package="io.ionic.starter"
4    android:versionCode="1"
5    android:versionName="1.0" >
6
7    <uses-sdk
8        android:minSdkVersion="21"
8-->src\main\AndroidManifest.xml
9        android:targetSdkVersion="30" />
9-->src\main\AndroidManifest.xml
10
11    <!-- Permissions -->
12
13    <uses-permission android:name="android.permission.INTERNET" />
13-->src\main\AndroidManifest.xml:40:5-67
13-->src\main\AndroidManifest.xml:40:22-64
14    <uses-permission android:name="android.permission.VIBRATE" />
14-->[:capacitor-haptics] AndroidManifest.xml:9:5-66
14-->[:capacitor-haptics] AndroidManifest.xml:9:22-63
15    <uses-permission android:name="android.permission.RECEIVE_BOOT_COMPLETED" />
15-->[:capacitor-local-notifications] AndroidManifest.xml:9:5-81
15-->[:capacitor-local-notifications] AndroidManifest.xml:9:22-78
16    <uses-permission android:name="android.permission.WAKE_LOCK" />
16-->[:capacitor-local-notifications] AndroidManifest.xml:10:5-68
16-->[:capacitor-local-notifications] AndroidManifest.xml:10:22-65
17
18    <application
18-->src\main\AndroidManifest.xml:5:5-36:19
19        android:allowBackup="true"
19-->src\main\AndroidManifest.xml:6:9-35
20        android:appComponentFactory="androidx.core.app.CoreComponentFactory"
20-->[androidx.core:core:1.3.2] AndroidManifest.xml:24:18-86
21        android:debuggable="true"
22        android:icon="@mipmap/ic_launcher"
22-->src\main\AndroidManifest.xml:7:9-43
23        android:label="@string/app_name"
23-->src\main\AndroidManifest.xml:8:9-41
24        android:roundIcon="@mipmap/ic_launcher_round"
24-->src\main\AndroidManifest.xml:9:9-54
25        android:supportsRtl="true"
25-->src\main\AndroidManifest.xml:10:9-35
26        android:testOnly="true"
27        android:theme="@style/AppTheme" >
27-->src\main\AndroidManifest.xml:11:9-40
28        <activity
28-->src\main\AndroidManifest.xml:13:9-25:20
29            android:name="io.ionic.starter.MainActivity"
29-->src\main\AndroidManifest.xml:15:13-57
30            android:configChanges="orientation|keyboardHidden|keyboard|screenSize|locale|smallestScreenSize|screenLayout|uiMode"
30-->src\main\AndroidManifest.xml:14:13-129
31            android:label="@string/title_activity_main"
31-->src\main\AndroidManifest.xml:16:13-56
32            android:launchMode="singleTask"
32-->src\main\AndroidManifest.xml:18:13-44
33            android:theme="@style/AppTheme.NoActionBarLaunch" >
33-->src\main\AndroidManifest.xml:17:13-62
34            <intent-filter>
34-->src\main\AndroidManifest.xml:20:13-23:29
35                <action android:name="android.intent.action.MAIN" />
35-->src\main\AndroidManifest.xml:21:17-69
35-->src\main\AndroidManifest.xml:21:25-66
36
37                <category android:name="android.intent.category.LAUNCHER" />
37-->src\main\AndroidManifest.xml:22:17-77
37-->src\main\AndroidManifest.xml:22:27-74
38            </intent-filter>
39        </activity>
40
41        <provider
42            android:name="androidx.core.content.FileProvider"
42-->src\main\AndroidManifest.xml:28:13-62
43            android:authorities="io.ionic.starter.fileprovider"
43-->src\main\AndroidManifest.xml:29:13-64
44            android:exported="false"
44-->src\main\AndroidManifest.xml:30:13-37
45            android:grantUriPermissions="true" >
45-->src\main\AndroidManifest.xml:31:13-47
46            <meta-data
46-->src\main\AndroidManifest.xml:32:13-34:64
47                android:name="android.support.FILE_PROVIDER_PATHS"
47-->src\main\AndroidManifest.xml:33:17-67
48                android:resource="@xml/file_paths" />
48-->src\main\AndroidManifest.xml:34:17-51
49        </provider>
50
51        <receiver android:name="com.capacitorjs.plugins.localnotifications.TimedNotificationPublisher" />
51-->[:capacitor-local-notifications] AndroidManifest.xml:13:9-106
51-->[:capacitor-local-notifications] AndroidManifest.xml:13:19-103
52        <receiver android:name="com.capacitorjs.plugins.localnotifications.NotificationDismissReceiver" />
52-->[:capacitor-local-notifications] AndroidManifest.xml:14:9-107
52-->[:capacitor-local-notifications] AndroidManifest.xml:14:19-104
53        <receiver
53-->[:capacitor-local-notifications] AndroidManifest.xml:15:9-24:20
54            android:name="com.capacitorjs.plugins.localnotifications.LocalNotificationRestoreReceiver"
54-->[:capacitor-local-notifications] AndroidManifest.xml:16:13-103
55            android:directBootAware="true"
55-->[:capacitor-local-notifications] AndroidManifest.xml:17:13-43
56            android:exported="false" >
56-->[:capacitor-local-notifications] AndroidManifest.xml:18:13-37
57            <intent-filter>
57-->[:capacitor-local-notifications] AndroidManifest.xml:19:13-23:29
58                <action android:name="android.intent.action.LOCKED_BOOT_COMPLETED" />
58-->[:capacitor-local-notifications] AndroidManifest.xml:20:17-86
58-->[:capacitor-local-notifications] AndroidManifest.xml:20:25-83
59                <action android:name="android.intent.action.BOOT_COMPLETED" />
59-->[:capacitor-local-notifications] AndroidManifest.xml:21:17-79
59-->[:capacitor-local-notifications] AndroidManifest.xml:21:25-76
60                <action android:name="android.intent.action.QUICKBOOT_POWERON" />
60-->[:capacitor-local-notifications] AndroidManifest.xml:22:17-82
60-->[:capacitor-local-notifications] AndroidManifest.xml:22:25-79
61            </intent-filter>
62        </receiver>
63    </application>
64
65</manifest>